2012-11-28 14:24:37,320 [Worker-6] INFO  o.e.m.c.i.i.nexus.NexusIndexManager - Updating index for repository: central|http://repo.maven.apache.org/maven2
2012-11-28 14:24:42,398 [Worker-6] INFO  c.n.h.c.p.n.NettyAsyncHttpProvider - Number of application's worked threads is 4
2012-11-28 14:24:54,664 [Worker-6] ERROR o.e.m.c.i.i.nexus.NexusIndexManager - Unable to update index for central|http://repo.maven.apache.org/maven2
java.io.UTFDataFormatException: malformed input around byte 429
	at java.io.DataInputStream.readUTF(Unknown Source) ~[na:1.6.0_17]
	at java.io.DataInputStream.readUTF(Unknown Source) ~[na:1.6.0_17]
	at org.apache.maven.index.updater.IndexDataReader.readField(IndexDataReader.java:133) ~[indexer-core-3.1.0.jar:3.1.0]
	at org.apache.maven.index.updater.IndexDataReader.readDocument(IndexDataReader.java:108) ~[indexer-core-3.1.0.jar:3.1.0]
	at org.apache.maven.index.updater.IndexDataReader.readIndex(IndexDataReader.java:75) ~[indexer-core-3.1.0.jar:3.1.0]
	at org.apache.maven.index.updater.DefaultIndexUpdater.unpackIndexData(DefaultIndexUpdater.java:523) ~[indexer-core-3.1.0.jar:3.1.0]
	at org.apache.maven.index.updater.DefaultIndexUpdater.loadIndexDirectory(DefaultIndexUpdater.java:212) ~[indexer-core-3.1.0.jar:3.1.0]
	at org.apache.maven.index.updater.DefaultIndexUpdater.access$300(DefaultIndexUpdater.java:75) ~[indexer-core-3.1.0.jar:3.1.0]
	at org.apache.maven.index.updater.DefaultIndexUpdater$LuceneIndexAdaptor.addIndexChunk(DefaultIndexUpdater.java:639) ~[indexer-core-3.1.0.jar:3.1.0]
	at org.apache.maven.index.updater.DefaultIndexUpdater.fetchAndUpdateIndex(DefaultIndexUpdater.java:803) ~[indexer-core-3.1.0.jar:3.1.0]
	at org.apache.maven.index.updater.DefaultIndexUpdater.fetchAndUpdateIndex(DefaultIndexUpdater.java:156) ~[indexer-core-3.1.0.jar:3.1.0]
	at org.eclipse.m2e.core.internal.index.nexus.NexusIndexManager.updateRemoteIndex(NexusIndexManager.java:1137) [org.eclipse.m2e.core_1.1.0.20120530-0009.jar:na]
	at org.eclipse.m2e.core.internal.index.nexus.NexusIndexManager.updateIndex(NexusIndexManager.java:1081) [org.eclipse.m2e.core_1.1.0.20120530-0009.jar:na]
	at org.eclipse.m2e.core.internal.index.nexus.NexusIndexManager$1.run(NexusIndexManager.java:658) [org.eclipse.m2e.core_1.1.0.20120530-0009.jar:na]
	at org.eclipse.m2e.core.internal.index.nexus.IndexUpdaterJob.run(IndexUpdaterJob.java:71) [org.eclipse.m2e.core_1.1.0.20120530-0009.jar:na]
	at org.eclipse.core.internal.jobs.Worker.run(Worker.java:54) [org.eclipse.core.jobs_3.5.200.v20120521-2346.jar:na]
